<?xml version="1.0" encoding="UTF-8"?>
<!-- Generated by org.testng.reporters.JUnitReportReporter -->
<testsuite hostname="viswas-PC" name="Gmail" tests="2" failures="0" timestamp="2 Aug 2016 08:40:53 GMT" time="13.120" errors="0">
  <testcase name="gmaillogout" time="9.419" classname="Gmail"/>
  <testcase name="gmaillogin" time="3.701" classname="Gmail"/>
</testsuite> <!-- Gmail -->
