<?xml version="1.0" encoding="UTF-8"?>
<!-- Generated by org.testng.reporters.JUnitReportReporter -->
<testsuite hostname="viswas-PC" name="demoOne$demoTwo" tests="2" failures="0" timestamp="4 Aug 2016 04:37:14 GMT" time="0.000" errors="0">
  <testcase name="secondTestCase" time="0.000" classname="demoOne$demoTwo"/>
  <testcase name="firstTestCase" time="0.000" classname="demoOne$demoTwo"/>
</testsuite> <!-- demoOne$demoTwo -->
