<?xml version="1.0" encoding="UTF-8"?>
<!-- Generated by org.testng.reporters.JUnitReportReporter -->
<testsuite hostname="viswas-PC" name="demoOne" tests="2" failures="0" timestamp="4 Aug 2016 04:37:14 GMT" time="0.031" errors="0">
  <testcase name="secondTestCase" time="0.016" classname="demoOne"/>
  <testcase name="firstTestCase" time="0.015" classname="demoOne"/>
</testsuite> <!-- demoOne -->
