<?xml version="1.0" encoding="UTF-8"?>
<!-- Generated by org.testng.reporters.JUnitReportReporter -->
<testsuite hostname="viswas-PC" name="Idbibank" tests="2" failures="0" timestamp="3 Aug 2016 09:31:12 GMT" time="5.869" errors="0">
  <testcase name="dropdown" time="1.599" classname="Idbibank"/>
  <testcase name="login" time="4.270" classname="Idbibank"/>
</testsuite> <!-- Idbibank -->
