<?xml version="1.0" encoding="UTF-8"?>
<!-- Generated by org.testng.reporters.JUnitReportReporter -->
<testsuite hostname="viswas-PC" name="Loginshopclues" tests="1" failures="0" timestamp="16 Aug 2016 06:59:33 GMT" time="28.560" errors="0">
  <testcase name="Login" time="28.560" classname="Loginshopclues"/>
</testsuite> <!-- Loginshopclues -->
