<?xml version="1.0" encoding="UTF-8"?>
<!-- Generated by org.testng.reporters.JUnitReportReporter -->
<testsuite hostname="viswas-PC" name="SignintoLinkdin" tests="1" failures="0" timestamp="11 Aug 2016 08:23:29 GMT" time="24.861" errors="0">
  <testcase name="ValidSignin" time="24.861" classname="SignintoLinkdin"/>
</testsuite> <!-- SignintoLinkdin -->
