<?xml version="1.0" encoding="UTF-8"?>
<!-- Generated by org.testng.reporters.JUnitReportReporter -->
<testsuite hostname="viswas-PC" name="Webdriver.FlipcartSignin" tests="1" failures="0" timestamp="27 Aug 2016 04:46:17 GMT" time="30.950" errors="0">
  <testcase name="login" time="30.950" classname="Webdriver.FlipcartSignin"/>
</testsuite> <!-- Webdriver.FlipcartSignin -->
