<?xml version="1.0" encoding="UTF-8"?>
<!-- Generated by org.testng.reporters.JUnitReportReporter -->
<testsuite hostname="viswas-PC" name="Webdriver.chaitu" tests="1" failures="0" timestamp="6 Aug 2016 07:35:54 GMT" time="12.963" errors="0">
  <testcase name="carrer" time="12.963" classname="Webdriver.chaitu"/>
</testsuite> <!-- Webdriver.chaitu -->
