<?xml version="1.0" encoding="UTF-8"?>
<!-- Generated by org.testng.reporters.JUnitReportReporter -->
<testsuite hostname="viswas-PC" name="Webdriver.registerpacket" tests="1" failures="0" timestamp="17 Aug 2016 05:17:26 GMT" time="8.105" errors="0">
  <testcase name="Register" time="8.105" classname="Webdriver.registerpacket"/>
</testsuite> <!-- Webdriver.registerpacket -->
