<?xml version="1.0" encoding="UTF-8"?>
<!-- Generated by org.testng.reporters.JUnitReportReporter -->
<testsuite hostname="viswas-PC" name="More" tests="1" failures="0" timestamp="24 Aug 2016 05:19:13 GMT" time="3.003" errors="0">
  <testcase name="more" time="3.003" classname="More"/>
</testsuite> <!-- More -->
