<?xml version="1.0" encoding="UTF-8"?>
<!-- Generated by org.testng.reporters.JUnitReportReporter -->
<testsuite hostname="viswas-PC" name="GoogleImages" tests="1" failures="0" timestamp="24 Aug 2016 05:19:13 GMT" time="6.222" errors="0">
  <testcase name="GoogleImages" time="6.222" classname="GoogleImages"/>
</testsuite> <!-- GoogleImages -->
