<?xml version="1.0" encoding="UTF-8"?>
<!-- Generated by org.testng.reporters.JUnitReportReporter -->
<testsuite hostname="viswas-PC" name="Checkingpurple" tests="1" failures="0" timestamp="23 Aug 2016 10:20:00 GMT" time="10.716" errors="0">
  <testcase name="CheckingWebsite" time="10.716" classname="Checkingpurple"/>
</testsuite> <!-- Checkingpurple -->
